<?xml version="1.0" encoding="UTF-8"?>
<!-- Generated by org.testng.reporters.JUnitReportReporter -->
<testsuite hostname="CORA023L" failures="0" tests="1" name="PagesTests.ProgressBarPageTest" time="5.852" errors="0" timestamp="2021-04-26T19:57:57 CST" skipped="0">
  <testcase classname="PagesTests.ProgressBarPageTest" name="stopAt75Test" time="5.852"/>
  <system-out/>
</testsuite> <!-- PagesTests.ProgressBarPageTest -->
