<?xml version="1.0" encoding="UTF-8"?>
<!-- Generated by org.testng.reporters.JUnitReportReporter -->
<testsuite hostname="CORA023L" failures="0" tests="2" name="PagesTests.LoginPageTest" time="2.823" errors="0" timestamp="2021-04-26T19:59:16 CST" skipped="0">
  <testcase classname="PagesTests.LoginPageTest" name="loginTest" time="1.351"/>
  <system-out/>
  <testcase classname="PagesTests.LoginPageTest" name="wrongPasswordTest" time="1.472"/>
  <system-out/>
</testsuite> <!-- PagesTests.LoginPageTest -->
