<?xml version="1.0" encoding="UTF-8"?>
<!-- Generated by org.testng.reporters.JUnitReportReporter -->
<testsuite hostname="CORA023L" failures="0" tests="1" name="PagesTests.TextInputPageTest" time="1.680" errors="0" timestamp="2021-04-26T19:57:57 CST" skipped="0">
  <testcase classname="PagesTests.TextInputPageTest" name="testButtonChangeName" time="1.680"/>
  <system-out/>
</testsuite> <!-- PagesTests.TextInputPageTest -->
