<?xml version="1.0" encoding="UTF-8"?>
<!-- Generated by org.testng.reporters.JUnitReportReporter -->
<testsuite hostname="CORA023L" failures="0" tests="1" name="PagesTests.MouseOverPageTest" time="1.929" errors="0" timestamp="2021-04-26T19:57:57 CST" skipped="0">
  <testcase classname="PagesTests.MouseOverPageTest" name="testClickTwice" time="1.929"/>
  <system-out/>
</testsuite> <!-- PagesTests.MouseOverPageTest -->
