<?xml version="1.0" encoding="UTF-8"?>
<!-- Generated by org.testng.reporters.JUnitReportReporter -->
<testsuite hostname="CORA023L" failures="0" tests="1" name="PagesTests.AjaxPageTest" time="16.933" errors="0" timestamp="2021-04-26T19:57:57 CST" skipped="0">
  <testcase classname="PagesTests.AjaxPageTest" name="ajaxResponseTest" time="16.933"/>
  <system-out/>
</testsuite> <!-- PagesTests.AjaxPageTest -->
